The system is: Windows - 10.0.18363 - AMD64
Compiling the C compiler identification source file "CMakeCCompilerId.c" succeeded.
Compiler: C:/Program Files (x86)/Microsoft Visual Studio/2019/Community/VC/Tools/MSVC/14.22.27905/bin/Hostx64/x64/cl.exe 
Build flags: 
Id flags:  

The output was:
0
Microsoft (R) C/C++ Optimizing Compiler Version 19.22.27905 for x64
Copyright (C) Microsoft Corporation.  All rights reserved.

CMakeCCompilerId.c
Microsoft (R) Incremental Linker Version 14.22.27905.0
Copyright (C) Microsoft Corporation.  All rights reserved.

/out:CMakeCCompilerId.exe 
CMakeCCompilerId.obj 


Compilation of the C compiler identification source "CMakeCCompilerId.c" produced "CMakeCCompilerId.exe"

Compilation of the C compiler identification source "CMakeCCompilerId.c" produced "CMakeCCompilerId.obj"

The C compiler identification is MSVC, found in "C:/Users/Viktor Meyer/Documents/Github/DD2356/Assignment 1/Exercise 1/cmake-build-release-msvc64/CMakeFiles/3.15.3/CompilerIdC/CMakeCCompilerId.exe"

Determining if the C compiler works passed with the following output:
Change Dir: C:/Users/Viktor Meyer/Documents/Github/DD2356/Assignment 1/Exercise 1/cmake-build-release-msvc64/CMakeFiles/CMakeTmp

Run Build Command(s):nmake /nologo cmTC_d865d\fast && 	"C:\Program Files (x86)\Microsoft Visual Studio\2019\Community\VC\Tools\MSVC\14.22.27905\bin\HostX64\x64\nmake.exe" -f CMakeFiles\cmTC_d865d.dir\build.make /nologo -L                  CMakeFiles\cmTC_d865d.dir\build
Building C object CMakeFiles/cmTC_d865d.dir/testCCompiler.c.obj
	C:\PROGRA~2\MICROS~1\2019\COMMUN~1\VC\Tools\MSVC\1422~1.279\bin\Hostx64\x64\cl.exe @C:\Users\VIKTOR~1\AppData\Local\Temp\nmC0DC.tmp
testCCompiler.c
Linking C executable cmTC_d865d.exe
	"C:\Users\Viktor Meyer\AppData\Local\JetBrains\Toolbox\apps\CLion\ch-0\193.6494.38\bin\cmake\win\bin\cmake.exe" -E vs_link_exe --intdir=CMakeFiles\cmTC_d865d.dir --rc=C:\PROGRA~2\WI3CF2~1\10\bin\100177~1.0\x64\rc.exe --mt=C:\PROGRA~2\WI3CF2~1\10\bin\100177~1.0\x64\mt.exe --manifests  -- C:\PROGRA~2\MICROS~1\2019\COMMUN~1\VC\Tools\MSVC\1422~1.279\bin\Hostx64\x64\link.exe /nologo @CMakeFiles\cmTC_d865d.dir\objects1.rsp @C:\Users\VIKTOR~1\AppData\Local\Temp\nmC235.tmp



Detecting C compiler ABI info compiled with the following output:
Change Dir: C:/Users/Viktor Meyer/Documents/Github/DD2356/Assignment 1/Exercise 1/cmake-build-release-msvc64/CMakeFiles/CMakeTmp

Run Build Command(s):nmake /nologo cmTC_31eb6\fast && 	"C:\Program Files (x86)\Microsoft Visual Studio\2019\Community\VC\Tools\MSVC\14.22.27905\bin\HostX64\x64\nmake.exe" -f CMakeFiles\cmTC_31eb6.dir\build.make /nologo -L                  CMakeFiles\cmTC_31eb6.dir\build
Building C object CMakeFiles/cmTC_31eb6.dir/CMakeCCompilerABI.c.obj
	C:\PROGRA~2\MICROS~1\2019\COMMUN~1\VC\Tools\MSVC\1422~1.279\bin\Hostx64\x64\cl.exe @C:\Users\VIKTOR~1\AppData\Local\Temp\nmC3BB.tmp
CMakeCCompilerABI.c
Linking C executable cmTC_31eb6.exe
	"C:\Users\Viktor Meyer\AppData\Local\JetBrains\Toolbox\apps\CLion\ch-0\193.6494.38\bin\cmake\win\bin\cmake.exe" -E vs_link_exe --intdir=CMakeFiles\cmTC_31eb6.dir --rc=C:\PROGRA~2\WI3CF2~1\10\bin\100177~1.0\x64\rc.exe --mt=C:\PROGRA~2\WI3CF2~1\10\bin\100177~1.0\x64\mt.exe --manifests  -- C:\PROGRA~2\MICROS~1\2019\COMMUN~1\VC\Tools\MSVC\1422~1.279\bin\Hostx64\x64\link.exe /nologo @CMakeFiles\cmTC_31eb6.dir\objects1.rsp @C:\Users\VIKTOR~1\AppData\Local\Temp\nmC40A.tmp



